Arguments: 
  C:\Program Files\nodejs\node.exe C:\Users\maxwe\AppData\Roaming\npm\node_modules\yarn\bin\yarn.js add bootstrap jquery jquery-validation jquery-validation-unobstrusive

PATH: 
  C:\Program Files (x86)\Common Files\Oracle\Java\javapath;C:\Program Files (x86)\NVIDIA Corporation\PhysX\Common;C:\Program Files (x86)\Common Files\Intel\Shared Files\cpp\bin\Intel64;C:\Program Files (x86)\Embarcadero\Studio\17.0\bin;C:\Users\maxwe\Documents\Embarcadero\Studio\17.0\Bpl;C:\Program Files (x86)\Embarcadero\Studio\17.0\bin64;C:\Users\maxwe\Documents\Embarcadero\Studio\17.0\Bpl\Win64;C:\Program Files (x86)\CollabNet;C:\Program Files (x86)\Embarcadero\RAD Studio\12.0\bin;C:\Users\maxwe\Documents\RAD Studio\12.0\Bpl;C:\Program Files (x86)\Embarcadero\RAD Studio\12.0\bin64;C:\Users\maxwe\Documents\RAD Studio\12.0\Bpl\Win64;C:\ProgramData\Oracle\Java\javapath;C:\WINDOWS\system32;C:\WINDOWS;C:\WINDOWS\System32\Wbem;C:\WINDOWS\System32\WindowsPowerShell\v1.0\;C:\Program Files\Microsoft SQL Server\130\Tools\Binn\;C:\Program Files\TortoiseSVN\bin;C:\Program Files\Git\cmd;C:\Program Files\nodejs\;c:\Program Files\Microsoft SQL Server\110\Tools\Binn\;c:\Program Files (x86)\Microsoft SQL Server\110\Tools\Binn\;c:\Program Files\Microsoft SQL Server\110\DTS\Binn\;c:\Program Files (x86)\Microsoft SQL Server\110\Tools\Binn\ManagementStudio\;c:\Program Files (x86)\Microsoft Visual Studio 10.0\Common7\IDE\PrivateAssemblies\;c:\Program Files (x86)\Microsoft SQL Server\110\DTS\Binn\;C:\Program Files\PuTTY\;C:\Program Files\dotnet\;C:\Program Files (x86)\GtkSharp\2.12\bin;C:\WINDOWS\System32\OpenSSH\;C:\Program Files (x86)\Microsoft VS Code\bin;C:\Program Files\Azure Data Studio\bin;C:\Users\Public\Documents\Embarcadero\Studio\17.0\Bpl;C:\Users\Public\Documents\RAD Studio\12.0\Bpl;;C:\Program Files (x86)\Microsoft VS Code\bin;C:\Users\maxwe\AppData\Local\Microsoft\WindowsApps;C:\Program Files\Heroku\bin;C:\Users\maxwe\AppData\Roaming\npm;C:\Program Files\Azure Data Studio\bin;C:\Users\maxwe\.dotnet\tools

Yarn version: 
  1.12.3

Node version: 
  6.10.1

Platform: 
  win32 x64

Trace: 
  Error: https://registry.yarnpkg.com/jquery-validation-unobstrusive: Not found
      at Request.params.callback [as _callback] (C:\Users\maxwe\AppData\Roaming\npm\node_modules\yarn\lib\cli.js:65894:18)
      at Request.self.callback (C:\Users\maxwe\AppData\Roaming\npm\node_modules\yarn\lib\cli.js:129018:22)
      at emitTwo (events.js:106:13)
      at Request.emit (events.js:191:7)
      at Request.<anonymous> (C:\Users\maxwe\AppData\Roaming\npm\node_modules\yarn\lib\cli.js:129990:10)
      at emitOne (events.js:96:13)
      at Request.emit (events.js:188:7)
      at IncomingMessage.<anonymous> (C:\Users\maxwe\AppData\Roaming\npm\node_modules\yarn\lib\cli.js:129912:12)
      at IncomingMessage.g (events.js:291:16)
      at emitNone (events.js:91:20)

npm manifest: 
  {
    "name": "StoreOfBuild.Web",
    "version": "1.0.0",
    "main": "index.js",
    "license": "MIT"
  }

yarn manifest: 
  No manifest

Lockfile: 
  No lockfile
